<?xml version="1.0" encoding="UTF-8"?>
<!-- Generated by org.testng.reporters.JUnitReportReporter -->
<testsuite hostname="DESKTOP-1888K4I" name="ExcelFrame.DataDriven" tests="7" failures="0" timestamp="28 Jan 2016 12:01:09 GMT" time="71.014" errors="0">
  <testcase name="testClick" time="15.794" classname="ExcelFrame.DataDriven"/>
  <testcase name="testClick" time="15.074" classname="ExcelFrame.DataDriven"/>
  <testcase name="testClick" time="11.054" classname="ExcelFrame.DataDriven"/>
  <testcase name="testClick" time="14.020" classname="ExcelFrame.DataDriven"/>
  <testcase name="testClick" time="0.018" classname="ExcelFrame.DataDriven"/>
  <testcase name="testClick" time="15.030" classname="ExcelFrame.DataDriven"/>
  <testcase name="testClick" time="0.024" classname="ExcelFrame.DataDriven"/>
</testsuite> <!-- ExcelFrame.DataDriven -->
